<?xml version="1.0" encoding="UTF-8"?>
<!-- Generated by org.testng.reporters.JUnitReportReporter -->
<testsuite hostname="DESKTOP-QT4E40G" failures="0" tests="3" name="jenkinsPractice.Practice1" time="0.024" errors="0" timestamp="2023-03-10T17:29:37 IST" skipped="0">
  <testcase classname="jenkinsPractice.Practice1" name="test1" time="0.018"/>
  <system-out/>
  <testcase classname="jenkinsPractice.Practice1" name="test2" time="0.002"/>
  <system-out/>
  <testcase classname="jenkinsPractice.Practice1" name="test3" time="0.004"/>
  <system-out/>
</testsuite> <!-- jenkinsPractice.Practice1 -->
