<?xml version="1.0" encoding="UTF-8"?>
<!-- Generated by org.testng.reporters.JUnitReportReporter -->
<testsuite hostname="DESKTOP-QT4E40G" failures="0" tests="3" name="jenkinsPractice.Practice2" time="0.007" errors="0" timestamp="2023-03-10T17:29:37 IST" skipped="0">
  <testcase classname="jenkinsPractice.Practice2" name="test4" time="0.002"/>
  <system-out/>
  <testcase classname="jenkinsPractice.Practice2" name="test6" time="0.002"/>
  <system-out/>
  <testcase classname="jenkinsPractice.Practice2" name="test5" time="0.003"/>
  <system-out/>
</testsuite> <!-- jenkinsPractice.Practice2 -->
